e:\desktop\fdmgcoder\fdmgcoder\x64\debug\fdmgcoder.pch
e:\desktop\fdmgcoder\fdmgcoder\x64\debug\vc141.pdb
e:\desktop\fdmgcoder\fdmgcoder\x64\debug\vc141.idb
e:\desktop\fdmgcoder\fdmgcoder\x64\debug\pch.obj
e:\desktop\fdmgcoder\fdmgcoder\x64\debug\mainfrm.obj
e:\desktop\fdmgcoder\fdmgcoder\x64\debug\fdmgcoderview.obj
e:\desktop\fdmgcoder\fdmgcoder\x64\debug\fdmgcoderdoc.obj
e:\desktop\fdmgcoder\fdmgcoder\x64\debug\fdmgcoder.obj
e:\desktop\fdmgcoder\fdmgcoder\x64\debug\cdialogrun.obj
e:\desktop\fdmgcoder\fdmgcoder\x64\debug\fdmgcoder.res
e:\desktop\fdmgcoder\x64\debug\fdmgcoder.pdb
e:\desktop\fdmgcoder\fdmgcoder\x64\debug\fdmgcoder.tlog\cl.command.1.tlog
e:\desktop\fdmgcoder\fdmgcoder\x64\debug\fdmgcoder.tlog\cl.read.1.tlog
e:\desktop\fdmgcoder\fdmgcoder\x64\debug\fdmgcoder.tlog\cl.write.1.tlog
e:\desktop\fdmgcoder\fdmgcoder\x64\debug\fdmgcoder.tlog\link-cvtres.read.1.tlog
e:\desktop\fdmgcoder\fdmgcoder\x64\debug\fdmgcoder.tlog\link-cvtres.write.1.tlog
e:\desktop\fdmgcoder\fdmgcoder\x64\debug\fdmgcoder.tlog\link-mt.read.1.tlog
e:\desktop\fdmgcoder\fdmgcoder\x64\debug\fdmgcoder.tlog\link-mt.write.1.tlog
e:\desktop\fdmgcoder\fdmgcoder\x64\debug\fdmgcoder.tlog\link-rc.read.1.tlog
e:\desktop\fdmgcoder\fdmgcoder\x64\debug\fdmgcoder.tlog\link-rc.write.1.tlog
e:\desktop\fdmgcoder\fdmgcoder\x64\debug\fdmgcoder.tlog\link.command.1.tlog
e:\desktop\fdmgcoder\fdmgcoder\x64\debug\fdmgcoder.tlog\link.read.1.tlog
e:\desktop\fdmgcoder\fdmgcoder\x64\debug\fdmgcoder.tlog\link.write.1.tlog
e:\desktop\fdmgcoder\fdmgcoder\x64\debug\fdmgcoder.tlog\rc.command.1.tlog
e:\desktop\fdmgcoder\fdmgcoder\x64\debug\fdmgcoder.tlog\rc.read.1.tlog
e:\desktop\fdmgcoder\fdmgcoder\x64\debug\fdmgcoder.tlog\rc.write.1.tlog
